HelloLayouts/app/build/outputs/logs/manifest-merger-debug-report.txt
-- Merging decision tree log ---
manifest
ADDED from src\main\AndroidManifest.xml:2:1-66:12
	package
		ADDED from src\main\AndroidManifest.xml:3:5-68
		INJECTED from src\main\AndroidManifest.xml
		INJECTED from src\main\AndroidManifest.xml
	android:versionName
		ADDED from src\main\AndroidManifest.xml:5:5-32
		INJECTED from src\main\AndroidManifest.xml
		INJECTED from src\main\AndroidManifest.xml
	android:versionCode
		ADDED from src\main\AndroidManifest.xml:4:5-32
		INJECTED from src\main\AndroidManifest.xml
		INJECTED from src\main\AndroidManifest.xml
	xmlns:android
		ADDED from src\main\AndroidManifest.xml:2:11-69
uses-sdk
ADDED from src\main\AndroidManifest.xml:7:5-9:41
MERGED from [HelloLayouts:SmartEyeglassAPI:unspecified] AndroidManifest.xml:5:5-7:41
MERGED from [HelloLayouts:SmartExtensionAPI:unspecified] AndroidManifest.xml:5:5-7:41
MERGED from [HelloLayouts:SmartExtensionUtils:unspecified] AndroidManifest.xml:5:5-7:41
	android:targetSdkVersion
		ADDED from src\main\AndroidManifest.xml:9:9-38
		INJECTED from src\main\AndroidManifest.xml
		INJECTED from src\main\AndroidManifest.xml
	android:minSdkVersion
		ADDED from src\main\AndroidManifest.xml:8:9-35
		INJECTED from src\main\AndroidManifest.xml
		INJECTED from src\main\AndroidManifest.xml
uses-permission#com.sonyericsson.extras.liveware.aef.EXTENSION_PERMISSION
ADDED from src\main\AndroidManifest.xml:11:5-97
	android:name
		ADDED from src\main\AndroidManifest.xml:11:22-94
uses-permission#com.sony.smarteyeglass.permission.SMARTEYEGLASS
ADDED from src\main\AndroidManifest.xml:12:5-87
	android:name
		ADDED from src\main\AndroidManifest.xml:12:22-84
application
ADDED from src\main\AndroidManifest.xml:14:5-64:19
	android:label
		ADDED from src\main\AndroidManifest.xml:17:9-41
	android:allowBackup
		ADDED from src\main\AndroidManifest.xml:15:9-36
	android:icon
		ADDED from src\main\AndroidManifest.xml:16:9-38
activity#com.example.sony.smarteyeglass.extension.hellolayouts.HelloLayoutsPreferenceActivity
ADDED from src\main\AndroidManifest.xml:18:9-24:20
	android:label
		ADDED from src\main\AndroidManifest.xml:20:13-62
	android:name
		ADDED from src\main\AndroidManifest.xml:19:13-112
intent-filter#android.intent.action.MAIN
ADDED from src\main\AndroidManifest.xml:21:13-23:29
action#android.intent.action.MAIN
ADDED from src\main\AndroidManifest.xml:22:17-69
	android:name
		ADDED from src\main\AndroidManifest.xml:22:25-66
service#com.example.sony.smarteyeglass.extension.hellolayouts.HelloLayoutsExtensionService
ADDED from src\main\AndroidManifest.xml:26:9-118
	android:name
		ADDED from src\main\AndroidManifest.xml:26:18-115
service#com.sonyericsson.extras.liveware.extension.util.TunnelService
ADDED from src\main\AndroidManifest.xml:27:9-31:19
	android:name
		ADDED from src\main\AndroidManifest.xml:27:18-94
intent-filter#com.sonyericsson.extras.liveware.aef.tunnel.action.BIND
ADDED from src\main\AndroidManifest.xml:28:13-30:29
action#com.sonyericsson.extras.liveware.aef.tunnel.action.BIND
ADDED from src\main\AndroidManifest.xml:29:17-98
	android:name
		ADDED from src\main\AndroidManifest.xml:29:25-95
receiver#com.example.sony.smarteyeglass.extension.hellolayouts.HelloLayoutsExtensionReceiver
ADDED from src\main\AndroidManifest.xml:33:9-63:20
	android:name
		ADDED from src\main\AndroidManifest.xml:33:19-117
intent-filter#android.intent.action.LOCALE_CHANGED+com.sonyericsson.extras.aef.control.ERROR+com.sonyericsson.extras.aef.control.KEY_EVENT+com.sonyericsson.extras.aef.control.MENU_ITEM_SELECTED+com.sonyericsson.extras.aef.control.OBJECT_CLICK_EVENT+com.sonyericsson.extras.aef.control.PAUSE+com.sonyericsson.extras.aef.control.RESUME+com.sonyericsson.extras.aef.control.START+com.sonyericsson.extras.aef.control.STOP+com.sonyericsson.extras.aef.control.SWIPE_EVENT+com.sonyericsson.extras.aef.control.TOUCH_EVENT+com.sonyericsson.extras.aef.widget.ONTOUCH+com.sonyericsson.extras.aef.widget.START_REFRESH_IMAGE_REQUEST+com.sonyericsson.extras.aef.widget.STOP_REFRESH_IMAGE_REQUEST+com.sonyericsson.extras.liveware.aef.notification.REFRESH_REQUEST+com.sonyericsson.extras.liveware.aef.notification.VIEW_EVENT_DETAIL+com.sonyericsson.extras.liveware.aef.registration.ACCESSORY_CONNECTION+com.sonyericsson.extras.liveware.aef.registration.EXTENSION_REGISTER_REQUEST+com.sonyericsson.extras.liveware.extension.util.widget.scheduled.refresh
ADDED from src\main\AndroidManifest.xml:34:13-62:29
action#com.sonyericsson.extras.liveware.aef.registration.EXTENSION_REGISTER_REQUEST
ADDED from src\main\AndroidManifest.xml:37:17-119
	android:name
		ADDED from src\main\AndroidManifest.xml:37:25-116
action#com.sonyericsson.extras.liveware.aef.registration.ACCESSORY_CONNECTION
ADDED from src\main\AndroidManifest.xml:38:17-113
	android:name
		ADDED from src\main\AndroidManifest.xml:38:25-110
action#android.intent.action.LOCALE_CHANGED
ADDED from src\main\AndroidManifest.xml:39:17-79
	android:name
		ADDED from src\main\AndroidManifest.xml:39:25-76
action#com.sonyericsson.extras.liveware.aef.notification.VIEW_EVENT_DETAIL
ADDED from src\main\AndroidManifest.xml:42:17-110
	android:name
		ADDED from src\main\AndroidManifest.xml:42:25-107
action#com.sonyericsson.extras.liveware.aef.notification.REFRESH_REQUEST
ADDED from src\main\AndroidManifest.xml:43:17-108
	android:name
		ADDED from src\main\AndroidManifest.xml:43:25-105
action#com.sonyericsson.extras.aef.widget.START_REFRESH_IMAGE_REQUEST
ADDED from src\main\AndroidManifest.xml:46:17-105
	android:name
		ADDED from src\main\AndroidManifest.xml:46:25-102
action#com.sonyericsson.extras.aef.widget.STOP_REFRESH_IMAGE_REQUEST
ADDED from src\main\AndroidManifest.xml:47:17-104
	android:name
		ADDED from src\main\AndroidManifest.xml:47:25-101
action#com.sonyericsson.extras.aef.widget.ONTOUCH
ADDED from src\main\AndroidManifest.xml:48:17-85
	android:name
		ADDED from src\main\AndroidManifest.xml:48:25-82
action#com.sonyericsson.extras.liveware.extension.util.widget.scheduled.refresh
ADDED from src\main\AndroidManifest.xml:49:17-115
	android:name
		ADDED from src\main\AndroidManifest.xml:49:25-112
action#com.sonyericsson.extras.aef.control.START
ADDED from src\main\AndroidManifest.xml:52:17-84
	android:name
		ADDED from src\main\AndroidManifest.xml:52:25-81
action#com.sonyericsson.extras.aef.control.STOP
ADDED from src\main\AndroidManifest.xml:53:17-83
	android:name
		ADDED from src\main\AndroidManifest.xml:53:25-80
action#com.sonyericsson.extras.aef.control.PAUSE
ADDED from src\main\AndroidManifest.xml:54:17-84
	android:name
		ADDED from src\main\AndroidManifest.xml:54:25-81
action#com.sonyericsson.extras.aef.control.RESUME
ADDED from src\main\AndroidManifest.xml:55:17-85
	android:name
		ADDED from src\main\AndroidManifest.xml:55:25-82
action#com.sonyericsson.extras.aef.control.ERROR
ADDED from src\main\AndroidManifest.xml:56:17-84
	android:name
		ADDED from src\main\AndroidManifest.xml:56:25-81
action#com.sonyericsson.extras.aef.control.KEY_EVENT
ADDED from src\main\AndroidManifest.xml:57:17-88
	android:name
		ADDED from src\main\AndroidManifest.xml:57:25-85
action#com.sonyericsson.extras.aef.control.TOUCH_EVENT
ADDED from src\main\AndroidManifest.xml:58:17-90
	android:name
		ADDED from src\main\AndroidManifest.xml:58:25-87
action#com.sonyericsson.extras.aef.control.SWIPE_EVENT
ADDED from src\main\AndroidManifest.xml:59:17-90
	android:name
		ADDED from src\main\AndroidManifest.xml:59:25-87
action#com.sonyericsson.extras.aef.control.OBJECT_CLICK_EVENT
ADDED from src\main\AndroidManifest.xml:60:17-97
	android:name
		ADDED from src\main\AndroidManifest.xml:60:25-94
action#com.sonyericsson.extras.aef.control.MENU_ITEM_SELECTED
ADDED from src\main\AndroidManifest.xml:61:17-97
	android:name
		ADDED from src\main\AndroidManifest.xml:61:25-94